{"D:\\Ксю\\data-sort\\src\\SortAndFilter.ts": {"path":"D:\\Ксю\\data-sort\\src\\SortAndFilter.ts","all":false,"statementMap":{"0":{"start":{"line":1,"column":0},"end":{"line":1,"column":21}},"1":{"start":{"line":2,"column":0},"end":{"line":2,"column":24}},"2":{"start":{"line":3,"column":0},"end":{"line":3,"column":2}},"3":{"start":{"line":4,"column":0},"end":{"line":4,"column":30}},"4":{"start":{"line":5,"column":0},"end":{"line":5,"column":23}},"5":{"start":{"line":6,"column":0},"end":{"line":6,"column":5}},"6":{"start":{"line":7,"column":0},"end":{"line":7,"column":2}},"7":{"start":{"line":8,"column":0},"end":{"line":8,"column":59}},"8":{"start":{"line":9,"column":0},"end":{"line":9,"column":63}},"9":{"start":{"line":10,"column":0},"end":{"line":10,"column":34}},"10":{"start":{"line":11,"column":0},"end":{"line":11,"column":72}},"11":{"start":{"line":12,"column":0},"end":{"line":12,"column":7}},"12":{"start":{"line":13,"column":0},"end":{"line":13,"column":5}},"13":{"start":{"line":14,"column":0},"end":{"line":14,"column":2}},"14":{"start":{"line":15,"column":0},"end":{"line":15,"column":59}},"15":{"start":{"line":16,"column":0},"end":{"line":16,"column":63}},"16":{"start":{"line":17,"column":0},"end":{"line":17,"column":34}},"17":{"start":{"line":18,"column":0},"end":{"line":18,"column":72}},"18":{"start":{"line":19,"column":0},"end":{"line":19,"column":7}},"19":{"start":{"line":20,"column":0},"end":{"line":20,"column":5}},"20":{"start":{"line":21,"column":0},"end":{"line":21,"column":2}},"21":{"start":{"line":22,"column":0},"end":{"line":22,"column":66}},"22":{"start":{"line":23,"column":0},"end":{"line":23,"column":24}},"23":{"start":{"line":24,"column":0},"end":{"line":24,"column":47}},"24":{"start":{"line":25,"column":0},"end":{"line":25,"column":30}},"25":{"start":{"line":26,"column":0},"end":{"line":26,"column":68}},"26":{"start":{"line":27,"column":0},"end":{"line":27,"column":68}},"27":{"start":{"line":28,"column":0},"end":{"line":28,"column":2}},"28":{"start":{"line":29,"column":0},"end":{"line":29,"column":32}},"29":{"start":{"line":30,"column":0},"end":{"line":30,"column":22}},"30":{"start":{"line":31,"column":0},"end":{"line":31,"column":39}},"31":{"start":{"line":32,"column":0},"end":{"line":32,"column":21}},"32":{"start":{"line":33,"column":0},"end":{"line":33,"column":11}},"33":{"start":{"line":34,"column":0},"end":{"line":34,"column":9}},"34":{"start":{"line":35,"column":0},"end":{"line":35,"column":2}},"35":{"start":{"line":36,"column":0},"end":{"line":36,"column":17}},"36":{"start":{"line":37,"column":0},"end":{"line":37,"column":8}},"37":{"start":{"line":38,"column":0},"end":{"line":38,"column":5}},"38":{"start":{"line":39,"column":0},"end":{"line":39,"column":2}},"39":{"start":{"line":40,"column":0},"end":{"line":40,"column":42}},"40":{"start":{"line":41,"column":0},"end":{"line":41,"column":42}},"41":{"start":{"line":42,"column":0},"end":{"line":42,"column":5}},"42":{"start":{"line":43,"column":0},"end":{"line":43,"column":2}},"43":{"start":{"line":44,"column":0},"end":{"line":44,"column":33}},"44":{"start":{"line":45,"column":0},"end":{"line":45,"column":23}},"45":{"start":{"line":46,"column":0},"end":{"line":46,"column":5}},"46":{"start":{"line":47,"column":0},"end":{"line":47,"column":3}},"47":{"start":{"line":48,"column":0},"end":{"line":48,"column":0}},"48":{"start":{"line":49,"column":0},"end":{"line":49,"column":30}}},"s":{"0":1,"1":1,"2":1,"3":1,"4":6,"5":6,"6":1,"7":1,"8":3,"9":3,"10":5,"11":5,"12":3,"13":1,"14":1,"15":1,"16":1,"17":1,"18":1,"19":1,"20":1,"21":1,"22":6,"23":12,"24":18,"25":18,"26":18,"27":18,"28":18,"29":10,"30":18,"31":2,"32":2,"33":18,"34":0,"35":0,"36":6,"37":6,"38":1,"39":1,"40":6,"41":6,"42":1,"43":1,"44":6,"45":6,"46":1,"47":1,"48":1},"branchMap":{"0":{"type":"branch","line":4,"loc":{"start":{"line":4,"column":4},"end":{"line":6,"column":5}},"locations":[{"start":{"line":4,"column":4},"end":{"line":6,"column":5}}]},"1":{"type":"branch","line":8,"loc":{"start":{"line":8,"column":11},"end":{"line":13,"column":5}},"locations":[{"start":{"line":8,"column":11},"end":{"line":13,"column":5}}]},"2":{"type":"branch","line":10,"loc":{"start":{"line":10,"column":33},"end":{"line":12,"column":7}},"locations":[{"start":{"line":10,"column":33},"end":{"line":12,"column":7}}]},"3":{"type":"branch","line":9,"loc":{"start":{"line":9,"column":32},"end":{"line":9,"column":61}},"locations":[{"start":{"line":9,"column":32},"end":{"line":9,"column":61}}]},"4":{"type":"branch","line":11,"loc":{"start":{"line":11,"column":37},"end":{"line":11,"column":70}},"locations":[{"start":{"line":11,"column":37},"end":{"line":11,"column":70}}]},"5":{"type":"branch","line":15,"loc":{"start":{"line":15,"column":11},"end":{"line":20,"column":5}},"locations":[{"start":{"line":15,"column":11},"end":{"line":20,"column":5}}]},"6":{"type":"branch","line":16,"loc":{"start":{"line":16,"column":32},"end":{"line":16,"column":61}},"locations":[{"start":{"line":16,"column":32},"end":{"line":16,"column":61}}]},"7":{"type":"branch","line":18,"loc":{"start":{"line":18,"column":37},"end":{"line":18,"column":70}},"locations":[{"start":{"line":18,"column":37},"end":{"line":18,"column":70}}]},"8":{"type":"branch","line":22,"loc":{"start":{"line":22,"column":12},"end":{"line":38,"column":5}},"locations":[{"start":{"line":22,"column":12},"end":{"line":38,"column":5}}]},"9":{"type":"branch","line":23,"loc":{"start":{"line":23,"column":13},"end":{"line":37,"column":7}},"locations":[{"start":{"line":23,"column":13},"end":{"line":37,"column":7}}]},"10":{"type":"branch","line":24,"loc":{"start":{"line":24,"column":46},"end":{"line":34,"column":9}},"locations":[{"start":{"line":24,"column":46},"end":{"line":34,"column":9}}]},"11":{"type":"branch","line":26,"loc":{"start":{"line":26,"column":56},"end":{"line":26,"column":67}},"locations":[{"start":{"line":26,"column":56},"end":{"line":26,"column":67}}]},"12":{"type":"branch","line":27,"loc":{"start":{"line":27,"column":56},"end":{"line":27,"column":67}},"locations":[{"start":{"line":27,"column":56},"end":{"line":27,"column":67}}]},"13":{"type":"branch","line":29,"loc":{"start":{"line":29,"column":31},"end":{"line":31,"column":17}},"locations":[{"start":{"line":29,"column":31},"end":{"line":31,"column":17}}]},"14":{"type":"branch","line":31,"loc":{"start":{"line":31,"column":11},"end":{"line":33,"column":11}},"locations":[{"start":{"line":31,"column":11},"end":{"line":33,"column":11}}]},"15":{"type":"branch","line":31,"loc":{"start":{"line":31,"column":38},"end":{"line":33,"column":11}},"locations":[{"start":{"line":31,"column":38},"end":{"line":33,"column":11}}]},"16":{"type":"branch","line":35,"loc":{"start":{"line":35,"column":-2},"end":{"line":37,"column":7}},"locations":[{"start":{"line":35,"column":-2},"end":{"line":37,"column":7}}]},"17":{"type":"branch","line":40,"loc":{"start":{"line":40,"column":11},"end":{"line":42,"column":5}},"locations":[{"start":{"line":40,"column":11},"end":{"line":42,"column":5}}]},"18":{"type":"branch","line":44,"loc":{"start":{"line":44,"column":4},"end":{"line":46,"column":5}},"locations":[{"start":{"line":44,"column":4},"end":{"line":46,"column":5}}]}},"b":{"0":[6],"1":[3],"2":[5],"3":[5],"4":[12],"5":[1],"6":[1],"7":[3],"8":[6],"9":[12],"10":[18],"11":[0],"12":[0],"13":[10],"14":[8],"15":[2],"16":[0],"17":[6],"18":[6]},"fnMap":{"0":{"name":"SortAndFilter","decl":{"start":{"line":4,"column":4},"end":{"line":6,"column":5}},"loc":{"start":{"line":4,"column":4},"end":{"line":6,"column":5}},"line":4},"1":{"name":"include","decl":{"start":{"line":8,"column":11},"end":{"line":13,"column":5}},"loc":{"start":{"line":8,"column":11},"end":{"line":13,"column":5}},"line":8},"2":{"name":"exclude","decl":{"start":{"line":15,"column":11},"end":{"line":20,"column":5}},"loc":{"start":{"line":15,"column":11},"end":{"line":20,"column":5}},"line":15},"3":{"name":"byFields","decl":{"start":{"line":22,"column":12},"end":{"line":38,"column":5}},"loc":{"start":{"line":22,"column":12},"end":{"line":38,"column":5}},"line":22},"4":{"name":"sort_by","decl":{"start":{"line":40,"column":11},"end":{"line":42,"column":5}},"loc":{"start":{"line":40,"column":11},"end":{"line":42,"column":5}},"line":40},"5":{"name":"get getData","decl":{"start":{"line":44,"column":4},"end":{"line":46,"column":5}},"loc":{"start":{"line":44,"column":4},"end":{"line":46,"column":5}},"line":44}},"f":{"0":6,"1":3,"2":1,"3":6,"4":6,"5":6}}
,"D:\\Ксю\\data-sort\\src\\sortAndFilterData.ts": {"path":"D:\\Ксю\\data-sort\\src\\sortAndFilterData.ts","all":false,"statementMap":{"0":{"start":{"line":1,"column":0},"end":{"line":1,"column":44}},"1":{"start":{"line":2,"column":0},"end":{"line":2,"column":0}},"2":{"start":{"line":3,"column":0},"end":{"line":3,"column":64}},"3":{"start":{"line":4,"column":0},"end":{"line":4,"column":9}},"4":{"start":{"line":5,"column":0},"end":{"line":5,"column":62}},"5":{"start":{"line":6,"column":0},"end":{"line":6,"column":2}},"6":{"start":{"line":7,"column":0},"end":{"line":7,"column":49}},"7":{"start":{"line":8,"column":0},"end":{"line":8,"column":2}},"8":{"start":{"line":9,"column":0},"end":{"line":9,"column":35}},"9":{"start":{"line":10,"column":0},"end":{"line":10,"column":45}},"10":{"start":{"line":11,"column":0},"end":{"line":11,"column":24}},"11":{"start":{"line":12,"column":0},"end":{"line":12,"column":46}},"12":{"start":{"line":13,"column":0},"end":{"line":13,"column":9}},"13":{"start":{"line":14,"column":0},"end":{"line":14,"column":7}},"14":{"start":{"line":15,"column":0},"end":{"line":15,"column":2}},"15":{"start":{"line":16,"column":0},"end":{"line":16,"column":22}},"16":{"start":{"line":17,"column":0},"end":{"line":17,"column":37}},"17":{"start":{"line":18,"column":0},"end":{"line":18,"column":8}},"18":{"start":{"line":19,"column":0},"end":{"line":19,"column":2}},"19":{"start":{"line":20,"column":0},"end":{"line":20,"column":36}},"20":{"start":{"line":21,"column":0},"end":{"line":21,"column":17}},"21":{"start":{"line":22,"column":0},"end":{"line":22,"column":37}},"22":{"start":{"line":23,"column":0},"end":{"line":23,"column":5}},"23":{"start":{"line":24,"column":0},"end":{"line":24,"column":4}},"24":{"start":{"line":25,"column":0},"end":{"line":25,"column":0}},"25":{"start":{"line":26,"column":0},"end":{"line":26,"column":34}}},"s":{"0":1,"1":1,"2":1,"3":6,"4":6,"5":6,"6":6,"7":6,"8":6,"9":10,"10":10,"11":10,"12":10,"13":10,"14":6,"15":6,"16":6,"17":6,"18":6,"19":6,"20":6,"21":0,"22":0,"23":6,"24":1,"25":1},"branchMap":{"0":{"type":"branch","line":3,"loc":{"start":{"line":3,"column":26},"end":{"line":24,"column":4}},"locations":[{"start":{"line":3,"column":26},"end":{"line":24,"column":4}}]},"1":{"type":"branch","line":9,"loc":{"start":{"line":9,"column":34},"end":{"line":14,"column":7}},"locations":[{"start":{"line":9,"column":34},"end":{"line":14,"column":7}}]},"2":{"type":"branch","line":21,"loc":{"start":{"line":21,"column":6},"end":{"line":23,"column":5}},"locations":[{"start":{"line":21,"column":6},"end":{"line":23,"column":5}}]}},"b":{"0":[6],"1":[10],"2":[0]},"fnMap":{"0":{"name":"sortAndFilterData","decl":{"start":{"line":3,"column":26},"end":{"line":24,"column":4}},"loc":{"start":{"line":3,"column":26},"end":{"line":24,"column":4}},"line":3}},"f":{"0":6}}
}
