TN:
SF:src\SortAndFilter.ts
FN:4,SortAndFilter
FN:8,include
FN:15,exclude
FN:22,byFields
FN:40,sort_by
FN:44,get getData
FNF:6
FNH:6
FNDA:6,SortAndFilter
FNDA:3,include
FNDA:1,exclude
FNDA:6,byFields
FNDA:6,sort_by
FNDA:6,get getData
DA:1,1
DA:2,1
DA:3,1
DA:4,1
DA:5,6
DA:6,6
DA:7,1
DA:8,1
DA:9,3
DA:10,3
DA:11,5
DA:12,5
DA:13,3
DA:14,1
DA:15,1
DA:16,1
DA:17,1
DA:18,1
DA:19,1
DA:20,1
DA:21,1
DA:22,1
DA:23,6
DA:24,12
DA:25,18
DA:26,18
DA:27,18
DA:28,18
DA:29,18
DA:30,10
DA:31,18
DA:32,2
DA:33,2
DA:34,18
DA:35,0
DA:36,0
DA:37,6
DA:38,6
DA:39,1
DA:40,1
DA:41,6
DA:42,6
DA:43,1
DA:44,1
DA:45,6
DA:46,6
DA:47,1
DA:48,1
DA:49,1
LF:49
LH:47
BRDA:4,0,0,6
BRDA:8,1,0,3
BRDA:10,2,0,5
BRDA:9,3,0,5
BRDA:11,4,0,12
BRDA:15,5,0,1
BRDA:16,6,0,1
BRDA:18,7,0,3
BRDA:22,8,0,6
BRDA:23,9,0,12
BRDA:24,10,0,18
BRDA:26,11,0,0
BRDA:27,12,0,0
BRDA:29,13,0,10
BRDA:31,14,0,8
BRDA:31,15,0,2
BRDA:35,16,0,0
BRDA:40,17,0,6
BRDA:44,18,0,6
BRF:19
BRH:16
end_of_record
TN:
SF:src\sortAndFilterData.ts
FN:3,sortAndFilterData
FNF:1
FNH:1
FNDA:6,sortAndFilterData
DA:1,1
DA:2,1
DA:3,1
DA:4,6
DA:5,6
DA:6,6
DA:7,6
DA:8,6
DA:9,6
DA:10,10
DA:11,10
DA:12,10
DA:13,10
DA:14,10
DA:15,6
DA:16,6
DA:17,6
DA:18,6
DA:19,6
DA:20,6
DA:21,6
DA:22,0
DA:23,0
DA:24,6
DA:25,1
DA:26,1
LF:26
LH:24
BRDA:3,0,0,6
BRDA:9,1,0,10
BRDA:21,2,0,0
BRF:3
BRH:2
end_of_record
